Part1 : Data Processing...
Finished
Part 2: Writing Summary File...
Demultiplexing Complete
	Command being timed: "python demultiplex.py -r1 R1 -r2 R2 -r3 R3 -r4 R4 -c 34 -o out/ -i I"
	User time (seconds): 5238.33
	System time (seconds): 44.87
	Percent of CPU this job got: 93%
	Elapsed (wall clock) time (h:mm:ss or m:ss): 1:34:33
	Average shared text size (kbytes): 0
	Average unshared data size (kbytes): 0
	Average stack size (kbytes): 0
	Average total size (kbytes): 0
	Maximum resident set size (kbytes): 91236
	Average resident set size (kbytes): 0
	Major (requiring I/O) page faults: 0
	Minor (reclaiming a frame) page faults: 257913
	Voluntary context switches: 112660
	Involuntary context switches: 41732
	Swaps: 0
	File system inputs: 0
	File system outputs: 0
	Socket messages sent: 0
	Socket messages received: 0
	Signals delivered: 0
	Page size (bytes): 4096
	Exit status: 0
