[30.95248406 30.49904409 34.04482996 35.16884183 35.30817093 38.49276815
 37.44714984 37.89521262]
[30.97679919 31.36712788 35.28588359 35.87855724 35.97782136 39.34549066
 39.09700977 38.96810668]
[31.26430194 31.44230414 35.32827246 35.92871739 36.0983526  39.573364
 39.73660445 39.81629026 40.00983632 40.06630511 40.10437862 40.11889415
 40.06425011 40.07103662 40.07317111 40.06607202 39.98297836 40.01358335
 40.02123505 40.01391455 39.98320345 40.04378033 39.97375098 40.01821012
 39.97167426 39.95728093 39.8954167  39.92127151 39.86349854 39.90736658
 39.81043723 39.87059952 39.85237555 39.8953974  39.91179442 39.90416764
 39.89405281 39.86885068 39.88070281 39.86989397 39.85233052 39.83774142
 39.82973229 39.82548919 39.74388512 39.78127342 39.79134226 39.78587638
 39.78080601 39.77567074 39.77657128 39.76766333 39.68786419 39.72259013
 39.72944117 39.72605846 39.67179064 39.6890045  39.67611708 39.66556349
 39.64553211 39.64080384 39.58930598 39.60720985 39.59399952 39.58101464
 39.56906489 39.55893994 39.54432231 39.44859069 39.46707218 39.46282867
 39.45364293 39.43210502 39.40741819 39.38366191 38.64629549 39.05744404
 39.17772194 39.22938594 39.32101735 39.32748463 39.30458273 39.28915058
 39.27108667 39.26378824 39.22070142 39.07476983 39.1105877  39.11503114
 39.0973184  39.05424496 39.01740024 38.96179684 38.93702517 38.94044497
 38.9224145  38.70160889 38.75327927 38.8314366  37.66828871]
[30.15816716 30.77720528 33.78220403 34.59356018 35.10156298 37.95055633
 38.00725456 38.23399163 38.43597301 38.3167426  38.41839143 38.4548386
 38.31101137 38.39652427 38.24892688 38.01057952 38.12035228 38.26334324
 38.07170036 38.17151073 38.01708748 38.03197003 38.20326234 38.22003321
 38.22972624 38.20978937 38.18121423 38.23132526 38.19706044 38.1490447
 38.02546936 37.65506342 37.56962167 37.35705548 37.23114082 37.14448495
 37.09589455 37.10797906 37.07536286 37.45710415 37.68202259 37.84728702
 37.84119624 38.00377114 38.02351419 38.00344885 38.04158367 37.99733382
 37.98582478 37.94463672 38.02447181 38.0459809  38.04215591 37.83795609
 37.86720817 37.94643229 37.95871272 37.88353068 37.84963481 37.78302292
 37.76064789 37.80409848 37.81441446 37.73644319 37.76997431 37.69932782
 37.76248949 37.65897705 37.6117286  37.65978437 37.65415334 37.58724316
 37.53196155 37.53241828 37.52765651 37.40949038 36.48310845 36.88456215
 37.31376742 37.41590324 37.54053435 37.54712558 37.57309807 37.48450885
 37.38894855 37.39533291 37.32983478 37.33598685 37.3041187  37.23139112
 37.1943458  37.10481563 37.07328371 37.03168262 36.85190963 36.86780801
 36.86914974 36.79507467 36.54466934 36.62407719 34.65798545]
[None, None, None, None]
	Command being timed: "python de_multiplexing.py"
	User time (seconds): 43735.01
	System time (seconds): 11.93
	Percent of CPU this job got: 233%
	Elapsed (wall clock) time (h:mm:ss or m:ss): 5:12:11
	Average shared text size (kbytes): 0
	Average unshared data size (kbytes): 0
	Average stack size (kbytes): 0
	Average total size (kbytes): 0
	Maximum resident set size (kbytes): 117844
	Average resident set size (kbytes): 0
	Major (requiring I/O) page faults: 0
	Minor (reclaiming a frame) page faults: 691469
	Voluntary context switches: 192535
	Involuntary context switches: 117823
	Swaps: 0
	File system inputs: 0
	File system outputs: 0
	Socket messages sent: 0
	Socket messages received: 0
	Signals delivered: 0
	Page size (bytes): 4096
	Exit status: 0
